<?xml version="1.0" encoding="UTF-8"?>
<!-- Generated by org.testng.reporters.JUnitReportReporter -->
<testsuite skipped="0" hostname="VLM55WZBW1" name="com.ecoSystem.testCases.TC_GLTitle_C11907" tests="1" failures="0" timestamp="28 Apr 2019 14:35:10 GMT" time="8.174" errors="0">
  <testcase name="galleryTitle" time="8.174" classname="com.ecoSystem.testCases.TC_GLTitle_C11907"/>
</testsuite> <!-- com.ecoSystem.testCases.TC_GLTitle_C11907 -->
