<?xml version="1.0" encoding="UTF-8"?>
<!-- Generated by org.testng.reporters.JUnitReportReporter -->
<testsuite hostname="VLM55WZBW1" name="ecosystem.VideoPlayer" tests="3" failures="0" timestamp="14 Apr 2019 16:29:43 GMT" time="13.499" errors="0">
  <testcase name="pageLoad" time="8.714" classname="ecosystem.VideoPlayer"/>
  <testcase name="videoPage" time="3.988" classname="ecosystem.VideoPlayer"/>
  <testcase name="playButton" time="0.797" classname="ecosystem.VideoPlayer"/>
</testsuite> <!-- ecosystem.VideoPlayer -->
