<?xml version="1.0" encoding="UTF-8"?>
<!-- Generated by org.testng.reporters.JUnitReportReporter -->
<testsuite hostname="VLM55WZBW1" name="ecosystem.ScrollVideoPlayer" tests="4" failures="0" timestamp="14 Apr 2019 16:42:13 GMT" time="14.412" errors="0">
  <testcase name="scrollVideo" time="0.738" classname="ecosystem.ScrollVideoPlayer"/>
  <testcase name="pageLoad" time="9.052" classname="ecosystem.ScrollVideoPlayer"/>
  <testcase name="videoPage" time="3.823" classname="ecosystem.ScrollVideoPlayer"/>
  <testcase name="playButton" time="0.799" classname="ecosystem.ScrollVideoPlayer"/>
</testsuite> <!-- ecosystem.ScrollVideoPlayer -->
