<?xml version="1.0" encoding="UTF-8"?>
<!-- Generated by org.testng.reporters.JUnitReportReporter -->
<testsuite hostname="VLM55WZBW1" name="ecosystem.PodCastTest" tests="3" failures="0" timestamp="14 Apr 2019 15:53:21 GMT" time="26.752" errors="0">
  <testcase name="podCast" time="0.835" classname="ecosystem.PodCastTest"/>
  <testcase name="podCastClick" time="9.129" classname="ecosystem.PodCastTest"/>
  <testcase name="pageLoad" time="16.788" classname="ecosystem.PodCastTest"/>
</testsuite> <!-- ecosystem.PodCastTest -->
