<?xml version="1.0" encoding="UTF-8"?>
<!-- Generated by org.testng.reporters.JUnitReportReporter -->
<testsuite skipped="0" hostname="VLM55WZBW1" name="com.ecoSystem.testCases.HomePageVideo" tests="1" failures="0" timestamp="28 Apr 2019 14:35:10 GMT" time="18.854" errors="0">
  <testcase name="homeVideo" time="18.854" classname="com.ecoSystem.testCases.HomePageVideo"/>
</testsuite> <!-- com.ecoSystem.testCases.HomePageVideo -->
