<?xml version="1.0" encoding="UTF-8"?>
<!-- Generated by org.testng.reporters.JUnitReportReporter -->
<testsuite skipped="0" hostname="VLM55WZBW1" name="com.ecoSystem.testCases.GalleryPagePublishDate" tests="1" failures="0" timestamp="29 Apr 2019 16:30:30 GMT" time="7.791" errors="0">
  <testcase name="galleyPublishDate" time="7.791" classname="com.ecoSystem.testCases.GalleryPagePublishDate"/>
</testsuite> <!-- com.ecoSystem.testCases.GalleryPagePublishDate -->
