<?xml version="1.0" encoding="UTF-8"?>
<!-- Generated by org.testng.reporters.JUnitReportReporter -->
<testsuite skipped="0" hostname="VLM55WZBW1" name="com.ecoSystem.testCases.TC_GLTitle_C11907" tests="1" failures="0" timestamp="29 Apr 2019 16:30:30 GMT" time="4.947" errors="0">
  <testcase name="galleryTitle" time="4.947" classname="com.ecoSystem.testCases.TC_GLTitle_C11907"/>
</testsuite> <!-- com.ecoSystem.testCases.TC_GLTitle_C11907 -->
