<?xml version="1.0" encoding="UTF-8"?>
<!-- Generated by org.testng.reporters.JUnitReportReporter -->
<testsuite skipped="0" hostname="VLM55WZBW1" name="com.ecoSystem.testCases.HomePageVideo" tests="1" failures="0" timestamp="29 Apr 2019 16:30:30 GMT" time="5.112" errors="0">
  <testcase name="homeVideo" time="5.112" classname="com.ecoSystem.testCases.HomePageVideo"/>
</testsuite> <!-- com.ecoSystem.testCases.HomePageVideo -->
